[12:19:55] [Client thread/INFO]: Setting user: Player532
[12:19:59] [Client thread/WARN]: Skipping bad option: lastServer:
[12:19:59] [Client thread/INFO]: LWJGL Version: 2.9.4
[12:20:03] [Client thread/INFO]: Reloading ResourceManager: Default, FMLFileResourcePack:Forge Mod Loader, FMLFileResourcePack:Minecraft Forge, FMLFileResourcePack:WereMobs
[12:20:05] [Sound Library Loader/INFO]: Starting up SoundSystem...
[12:20:06] [Thread-8/INFO]: Initializing LWJGL OpenAL
[12:20:06] [Thread-8/INFO]: (The LWJGL binding of OpenAL.  For more information, see http://www.lwjgl.org)
[12:20:06] [Thread-8/INFO]: OpenAL initialized.
[12:20:06] [Sound Library Loader/INFO]: Sound engine started
[12:20:10] [Client thread/INFO]: Created: 16x16 textures-atlas
[12:20:11] [Client thread/INFO]: Reloading ResourceManager: Default, FMLFileResourcePack:Forge Mod Loader, FMLFileResourcePack:Minecraft Forge, FMLFileResourcePack:WereMobs
[12:20:13] [Client thread/INFO]: SoundSystem shutting down...
[12:20:13] [Client thread/WARN]: Author: Paul Lamb, www.paulscode.com
[12:20:13] [Sound Library Loader/INFO]: Starting up SoundSystem...
[12:20:14] [Thread-10/INFO]: Initializing LWJGL OpenAL
[12:20:14] [Thread-10/INFO]: (The LWJGL binding of OpenAL.  For more information, see http://www.lwjgl.org)
[12:20:14] [Thread-10/INFO]: OpenAL initialized.
[12:20:14] [Sound Library Loader/INFO]: Sound engine started
[12:20:17] [Client thread/INFO]: Created: 1024x512 textures-atlas
[12:20:18] [Client thread/WARN]: Skipping bad option: lastServer:
[12:20:18] [Realms Notification Availability checker #1/INFO]: Could not authorize you against Realms server: Invalid session id
[12:22:11] [Server thread/INFO]: Starting integrated minecraft server version 1.10.2
[12:22:11] [Server thread/INFO]: Generating keypair
[12:22:14] [Server thread/INFO]: Preparing start region for level 0
[12:22:15] [Server thread/INFO]: Preparing spawn area: 13%
[12:22:16] [Server thread/INFO]: Preparing spawn area: 32%
[12:22:17] [Server thread/INFO]: Preparing spawn area: 60%
[12:22:18] [Server thread/INFO]: Preparing spawn area: 84%
[12:22:19] [Server thread/INFO]: Changing view distance to 12, from 10
[12:22:20] [Server thread/INFO]: Player532[local:E:7183332e] logged in with entity id 80 at (298.5, 64.0, 23.5)
[12:22:20] [Server thread/INFO]: Player532 joined the game
[12:22:22] [Server thread/INFO]: Saving and pausing game...
[12:22:22] [Server thread/INFO]: Saving chunks for level 'New World'/Overworld
[12:22:22] [pool-2-thread-1/WARN]: Couldn't look up profile properties for com.mojang.authlib.GameProfile@40627f35[id=3e1fbeae-13f8-3fbb-9842-63bc739da918,name=Player532,properties={},legacy=false]
com.mojang.authlib.exceptions.AuthenticationException: The client has sent too many requests within a certain amount of time
	at com.mojang.authlib.yggdrasil.YggdrasilAuthenticationService.makeRequest(YggdrasilAuthenticationService.java:65) ~[YggdrasilAuthenticationService.class:?]
	at com.mojang.authlib.yggdrasil.YggdrasilMinecraftSessionService.fillGameProfile(YggdrasilMinecraftSessionService.java:175) [YggdrasilMinecraftSessionService.class:?]
	at com.mojang.authlib.yggdrasil.YggdrasilMinecraftSessionService$1.load(YggdrasilMinecraftSessionService.java:59) [YggdrasilMinecraftSessionService$1.class:?]
	at com.mojang.authlib.yggdrasil.YggdrasilMinecraftSessionService$1.load(YggdrasilMinecraftSessionService.java:56) [YggdrasilMinecraftSessionService$1.class:?]
	at com.google.common.cache.LocalCache$LoadingValueReference.loadFuture(LocalCache.java:3524) [guava-17.0.jar:?]
	at com.google.common.cache.LocalCache$Segment.loadSync(LocalCache.java:2317) [guava-17.0.jar:?]
	at com.google.common.cache.LocalCache$Segment.lockedGetOrLoad(LocalCache.java:2280) [guava-17.0.jar:?]
	at com.google.common.cache.LocalCache$Segment.get(LocalCache.java:2195) [guava-17.0.jar:?]
	at com.google.common.cache.LocalCache.get(LocalCache.java:3934) [guava-17.0.jar:?]
	at com.google.common.cache.LocalCache.getOrLoad(LocalCache.java:3938) [guava-17.0.jar:?]
	at com.google.common.cache.LocalCache$LocalLoadingCache.get(LocalCache.java:4821) [guava-17.0.jar:?]
	at com.google.common.cache.LocalCache$LocalLoadingCache.getUnchecked(LocalCache.java:4827) [guava-17.0.jar:?]
	at com.mojang.authlib.yggdrasil.YggdrasilMinecraftSessionService.fillProfileProperties(YggdrasilMinecraftSessionService.java:165) [YggdrasilMinecraftSessionService.class:?]
	at net.minecraft.client.Minecraft.getProfileProperties(Minecraft.java:3060) [Minecraft.class:?]
	at net.minecraft.client.resources.SkinManager$3.run(SkinManager.java:131) [SkinManager$3.class:?]
	at java.util.concurrent.Executors$RunnableAdapter.call(Unknown Source) [?:1.8.0_101]
	at java.util.concurrent.FutureTask.run(Unknown Source) [?:1.8.0_101]
	at java.util.concurrent.ThreadPoolExecutor.runWorker(Unknown Source) [?:1.8.0_101]
	at java.util.concurrent.ThreadPoolExecutor$Worker.run(Unknown Source) [?:1.8.0_101]
	at java.lang.Thread.run(Unknown Source) [?:1.8.0_101]
[12:22:22] [Server thread/INFO]: Saving chunks for level 'New World'/Nether
[12:22:22] [Server thread/INFO]: Saving chunks for level 'New World'/The End
[12:22:22] [Server thread/WARN]: Can't keep up! Did the system time change, or is the server overloaded? Running 2245ms behind, skipping 44 tick(s)
